<?xml version="1.0" encoding="UTF-8"?>
<!-- Generated by org.testng.reporters.JUnitReportReporter -->
<testsuite skipped="0" hostname="DINESH-UL34" name="com.srit.reports.ExtentReportDemo" tests="1" failures="0" timestamp="7 Aug 2023 10:48:56 GMT" time="3.477" errors="0">
  <testcase name="test1" time="3.477" classname="com.srit.reports.ExtentReportDemo"/>
</testsuite> <!-- com.srit.reports.ExtentReportDemo -->
